<?xml version="1.0" encoding="UTF-8"?>
<testsuite name="exercise.AppTest" tests="2" skipped="0" failures="0" errors="0" timestamp="2024-10-30T15:54:14" hostname="ASUS-Vivobook" time="0.036">
  <properties/>
  <testcase name="testInput()" classname="exercise.AppTest" time="0.033"/>
  <testcase name="testLabel()" classname="exercise.AppTest" time="0.001"/>
  <system-out><![CDATA[]]></system-out>
  <system-err><![CDATA[]]></system-err>
</testsuite>
