<?xml version="1.0" encoding="UTF-8"?>
<testsuite name="exercise.AppTest" tests="3" skipped="0" failures="0" errors="0" timestamp="2024-10-10T13:18:25" hostname="ASUS-Vivobook" time="0.037">
  <properties/>
  <testcase name="testPoint()" classname="exercise.AppTest" time="0.033"/>
  <testcase name="testGetMidPoint()" classname="exercise.AppTest" time="0.001"/>
  <testcase name="testSegment()" classname="exercise.AppTest" time="0.001"/>
  <system-out><![CDATA[]]></system-out>
  <system-err><![CDATA[]]></system-err>
</testsuite>
