<?xml version="1.0" encoding="UTF-8"?>
<testsuite name="exercise.ErrorTest" tests="1" skipped="0" failures="0" errors="0" timestamp="2024-11-01T09:34:00" hostname="ASUS-Vivobook" time="0.031">
  <properties/>
  <testcase name="negativeRadiusException()" classname="exercise.ErrorTest" time="0.031"/>
  <system-out><![CDATA[]]></system-out>
  <system-err><![CDATA[]]></system-err>
</testsuite>
